[2026-05-14T09:22:17] === SCRAPE START | 2026-05-11 -> 2026-05-14 | 9 provinsi ===
[2026-05-14T09:22:17] [ 2] Sumatera Utara ...
[2026-05-14T09:22:18]   -> 15 baris data (10 row API) | raw: 2_Sumatera_Utara_20260514_092218.json
[2026-05-14T09:22:20] [ 4] Riau ...
[2026-05-14T09:22:20]   -> 15 baris data (10 row API) | raw: 4_Riau_20260514_092220.json
[2026-05-14T09:22:22] [13] DKI Jakarta ...
[2026-05-14T09:22:23]   -> 15 baris data (10 row API) | raw: 13_DKI_Jakarta_20260514_092223.json
[2026-05-14T09:22:25] [14] Jawa Tengah ...
[2026-05-14T09:22:25]   -> 20 baris data (10 row API) | raw: 14_Jawa_Tengah_20260514_092225.json
[2026-05-14T09:22:27] [20] Kalimantan Barat ...
[2026-05-14T09:22:28]   -> 10 baris data (10 row API) | raw: 20_Kalimantan_Barat_20260514_092228.json
[2026-05-14T09:22:29] [23] Kalimantan Timur ...
[2026-05-14T09:22:31]   -> 15 baris data (10 row API) | raw: 23_Kalimantan_Timur_20260514_092231.json
[2026-05-14T09:22:32] [26] Sulawesi Selatan ...
[2026-05-14T09:22:33]   -> 15 baris data (10 row API) | raw: 26_Sulawesi_Selatan_20260514_092233.json
[2026-05-14T09:22:35] [29] Sulawesi Utara ...
[2026-05-14T09:22:36]   -> 15 baris data (10 row API) | raw: 29_Sulawesi_Utara_20260514_092236.json
[2026-05-14T09:22:37] [33] Papua ...
[2026-05-14T09:22:38]   -> 20 baris data (10 row API) | raw: 33_Papua_20260514_092238.json
[2026-05-14T09:22:40] === SCRAPE END | total 140 baris ===

[2026-05-14T09:22:40] CSV tersimpan: 140 total baris di data_harga.csv
[2026-05-14T09:24:10] === SCRAPE START | 2026-04-14 -> 2026-05-14 | 9 provinsi ===
[2026-05-14T09:24:10] [ 2] Sumatera Utara ...
[2026-05-14T09:24:17]   -> 110 baris data (10 row API) | raw: 2_Sumatera_Utara_20260514_092417.json
[2026-05-14T09:24:18] [ 4] Riau ...
[2026-05-14T09:24:24]   -> 110 baris data (10 row API) | raw: 4_Riau_20260514_092424.json
[2026-05-14T09:24:26] [13] DKI Jakarta ...
[2026-05-14T09:24:32]   -> 110 baris data (10 row API) | raw: 13_DKI_Jakarta_20260514_092432.json
[2026-05-14T09:24:33] [14] Jawa Tengah ...
[2026-05-14T09:24:40]   -> 115 baris data (10 row API) | raw: 14_Jawa_Tengah_20260514_092440.json
[2026-05-14T09:24:41] [20] Kalimantan Barat ...
[2026-05-14T09:24:46]   -> 100 baris data (10 row API) | raw: 20_Kalimantan_Barat_20260514_092446.json
[2026-05-14T09:24:48] [23] Kalimantan Timur ...
[2026-05-14T09:24:54]   -> 110 baris data (10 row API) | raw: 23_Kalimantan_Timur_20260514_092454.json
[2026-05-14T09:24:55] [26] Sulawesi Selatan ...
[2026-05-14T09:25:02]   -> 110 baris data (10 row API) | raw: 26_Sulawesi_Selatan_20260514_092502.json
[2026-05-14T09:25:03] [29] Sulawesi Utara ...
[2026-05-14T09:25:08]   -> 110 baris data (10 row API) | raw: 29_Sulawesi_Utara_20260514_092508.json
[2026-05-14T09:25:10] [33] Papua ...
[2026-05-14T09:25:15]   -> 115 baris data (10 row API) | raw: 33_Papua_20260514_092515.json
[2026-05-14T09:25:17] === SCRAPE END | total 990 baris ===

[2026-05-14T09:25:17] CSV tersimpan: 990 total baris di data_harga.csv
[2026-05-14T09:27:43] === SCRAPE START | 2026-05-11 -> 2026-05-14 | 9 provinsi ===
[2026-05-14T09:27:43] [ 2] Sumatera Utara ...
[2026-05-14T09:27:45]   -> 15 baris data (10 row API) | raw: 2_Sumatera_Utara_20260514_092745.json
[2026-05-14T09:27:46] [ 4] Riau ...
[2026-05-14T09:27:47]   -> 15 baris data (10 row API) | raw: 4_Riau_20260514_092747.json
[2026-05-14T09:27:49] [13] DKI Jakarta ...
[2026-05-14T09:27:50]   -> 15 baris data (10 row API) | raw: 13_DKI_Jakarta_20260514_092750.json
[2026-05-14T09:27:51] [14] Jawa Tengah ...
[2026-05-14T09:27:52]   -> 20 baris data (10 row API) | raw: 14_Jawa_Tengah_20260514_092752.json
[2026-05-14T09:27:54] [20] Kalimantan Barat ...
[2026-05-14T09:27:55]   -> 10 baris data (10 row API) | raw: 20_Kalimantan_Barat_20260514_092755.json
[2026-05-14T09:27:56] [23] Kalimantan Timur ...
[2026-05-14T09:27:57]   -> 15 baris data (10 row API) | raw: 23_Kalimantan_Timur_20260514_092757.json
[2026-05-14T09:27:59] [26] Sulawesi Selatan ...
[2026-05-14T09:28:00]   -> 15 baris data (10 row API) | raw: 26_Sulawesi_Selatan_20260514_092800.json
[2026-05-14T09:28:01] [29] Sulawesi Utara ...
[2026-05-14T09:28:02]   -> 15 baris data (10 row API) | raw: 29_Sulawesi_Utara_20260514_092802.json
[2026-05-14T09:28:04] [33] Papua ...
[2026-05-14T09:28:05]   -> 20 baris data (10 row API) | raw: 33_Papua_20260514_092805.json
[2026-05-14T09:28:06] === SCRAPE END | total 140 baris ===

[2026-05-14T09:28:06] CSV tersimpan: 990 total baris di data_harga.csv
